Created by PLY version 3.11 (http://www.dabeaz.com/ply)

Grammar

Rule 0     S' -> start
Rule 1     start -> instrucciones
Rule 2     instrucciones -> instrucciones instruccion
Rule 3     instrucciones -> instruccion
Rule 4     instruccion -> REVALUAR CORIZQ expresion CORDER PTCOMA
Rule 5     expresion -> expresion MAS expresion
Rule 6     expresion -> expresion MENOS expresion
Rule 7     expresion -> expresion POR expresion
Rule 8     expresion -> expresion DIVIDIDO expresion
Rule 9     expresion -> expresion POTENCIA expresion
Rule 10    expresion -> expresion MODULO expresion
Rule 11    expresion -> MENOS expresion
Rule 12    expresion -> PARIZQ expresion PARDER
Rule 13    expresion -> ENTERO
Rule 14    expresion -> DECIMAL
Rule 15    expresion -> STRING
Rule 16    expresion -> CHAR
Rule 17    expresion -> TRUE
Rule 18    expresion -> FALSE
Rule 19    expresion -> NOTHING
Rule 20    expresion -> ID

Terminals, with rules where they appear

CHAR                 : 16
CORDER               : 4
CORIZQ               : 4
DECIMAL              : 14
DIVIDIDO             : 8
ENTERO               : 13
FALSE                : 18
ID                   : 20
MAS                  : 5
MENOS                : 6 11
MODULO               : 10
NOTHING              : 19
PARDER               : 12
PARIZQ               : 12
POR                  : 7
POTENCIA             : 9
PTCOMA               : 4
REVALUAR             : 4
STRING               : 15
TRUE                 : 17
error                : 

Nonterminals, with rules where they appear

expresion            : 4 5 5 6 6 7 7 8 8 9 9 10 10 11 12
instruccion          : 2 3
instrucciones        : 1 2
start                : 0

Parsing method: LALR

state 0

    (0) S' -> . start
    (1) start -> . instrucciones
    (2) instrucciones -> . instrucciones instruccion
    (3) instrucciones -> . instruccion
    (4) instruccion -> . REVALUAR CORIZQ expresion CORDER PTCOMA

    REVALUAR        shift and go to state 4

    start                          shift and go to state 1
    instrucciones                  shift and go to state 2
    instruccion                    shift and go to state 3

state 1

    (0) S' -> start .



state 2

    (1) start -> instrucciones .
    (2) instrucciones -> instrucciones . instruccion
    (4) instruccion -> . REVALUAR CORIZQ expresion CORDER PTCOMA

    $end            reduce using rule 1 (start -> instrucciones .)
    REVALUAR        shift and go to state 4

    instruccion                    shift and go to state 5

state 3

    (3) instrucciones -> instruccion .

    REVALUAR        reduce using rule 3 (instrucciones -> instruccion .)
    $end            reduce using rule 3 (instrucciones -> instruccion .)


state 4

    (4) instruccion -> REVALUAR . CORIZQ expresion CORDER PTCOMA

    CORIZQ          shift and go to state 6


state 5

    (2) instrucciones -> instrucciones instruccion .

    REVALUAR        reduce using rule 2 (instrucciones -> instrucciones instruccion .)
    $end            reduce using rule 2 (instrucciones -> instrucciones instruccion .)


state 6

    (4) instruccion -> REVALUAR CORIZQ . expresion CORDER PTCOMA
    (5) expresion -> . expresion MAS expresion
    (6) expresion -> . expresion MENOS expresion
    (7) expresion -> . expresion POR expresion
    (8) expresion -> . expresion DIVIDIDO expresion
    (9) expresion -> . expresion POTENCIA expresion
    (10) expresion -> . expresion MODULO expresion
    (11) expresion -> . MENOS expresion
    (12) expresion -> . PARIZQ expresion PARDER
    (13) expresion -> . ENTERO
    (14) expresion -> . DECIMAL
    (15) expresion -> . STRING
    (16) expresion -> . CHAR
    (17) expresion -> . TRUE
    (18) expresion -> . FALSE
    (19) expresion -> . NOTHING
    (20) expresion -> . ID

    MENOS           shift and go to state 8
    PARIZQ          shift and go to state 9
    ENTERO          shift and go to state 10
    DECIMAL         shift and go to state 11
    STRING          shift and go to state 12
    CHAR            shift and go to state 13
    TRUE            shift and go to state 14
    FALSE           shift and go to state 15
    NOTHING         shift and go to state 16
    ID              shift and go to state 17

    expresion                      shift and go to state 7

state 7

    (4) instruccion -> REVALUAR CORIZQ expresion . CORDER PTCOMA
    (5) expresion -> expresion . MAS expresion
    (6) expresion -> expresion . MENOS expresion
    (7) expresion -> expresion . POR expresion
    (8) expresion -> expresion . DIVIDIDO expresion
    (9) expresion -> expresion . POTENCIA expresion
    (10) expresion -> expresion . MODULO expresion

    CORDER          shift and go to state 18
    MAS             shift and go to state 19
    MENOS           shift and go to state 20
    POR             shift and go to state 21
    DIVIDIDO        shift and go to state 22
    POTENCIA        shift and go to state 23
    MODULO          shift and go to state 24


state 8

    (11) expresion -> MENOS . expresion
    (5) expresion -> . expresion MAS expresion
    (6) expresion -> . expresion MENOS expresion
    (7) expresion -> . expresion POR expresion
    (8) expresion -> . expresion DIVIDIDO expresion
    (9) expresion -> . expresion POTENCIA expresion
    (10) expresion -> . expresion MODULO expresion
    (11) expresion -> . MENOS expresion
    (12) expresion -> . PARIZQ expresion PARDER
    (13) expresion -> . ENTERO
    (14) expresion -> . DECIMAL
    (15) expresion -> . STRING
    (16) expresion -> . CHAR
    (17) expresion -> . TRUE
    (18) expresion -> . FALSE
    (19) expresion -> . NOTHING
    (20) expresion -> . ID

    MENOS           shift and go to state 8
    PARIZQ          shift and go to state 9
    ENTERO          shift and go to state 10
    DECIMAL         shift and go to state 11
    STRING          shift and go to state 12
    CHAR            shift and go to state 13
    TRUE            shift and go to state 14
    FALSE           shift and go to state 15
    NOTHING         shift and go to state 16
    ID              shift and go to state 17

    expresion                      shift and go to state 25

state 9

    (12) expresion -> PARIZQ . expresion PARDER
    (5) expresion -> . expresion MAS expresion
    (6) expresion -> . expresion MENOS expresion
    (7) expresion -> . expresion POR expresion
    (8) expresion -> . expresion DIVIDIDO expresion
    (9) expresion -> . expresion POTENCIA expresion
    (10) expresion -> . expresion MODULO expresion
    (11) expresion -> . MENOS expresion
    (12) expresion -> . PARIZQ expresion PARDER
    (13) expresion -> . ENTERO
    (14) expresion -> . DECIMAL
    (15) expresion -> . STRING
    (16) expresion -> . CHAR
    (17) expresion -> . TRUE
    (18) expresion -> . FALSE
    (19) expresion -> . NOTHING
    (20) expresion -> . ID

    MENOS           shift and go to state 8
    PARIZQ          shift and go to state 9
    ENTERO          shift and go to state 10
    DECIMAL         shift and go to state 11
    STRING          shift and go to state 12
    CHAR            shift and go to state 13
    TRUE            shift and go to state 14
    FALSE           shift and go to state 15
    NOTHING         shift and go to state 16
    ID              shift and go to state 17

    expresion                      shift and go to state 26

state 10

    (13) expresion -> ENTERO .

    CORDER          reduce using rule 13 (expresion -> ENTERO .)
    MAS             reduce using rule 13 (expresion -> ENTERO .)
    MENOS           reduce using rule 13 (expresion -> ENTERO .)
    POR             reduce using rule 13 (expresion -> ENTERO .)
    DIVIDIDO        reduce using rule 13 (expresion -> ENTERO .)
    POTENCIA        reduce using rule 13 (expresion -> ENTERO .)
    MODULO          reduce using rule 13 (expresion -> ENTERO .)
    PARDER          reduce using rule 13 (expresion -> ENTERO .)


state 11

    (14) expresion -> DECIMAL .

    CORDER          reduce using rule 14 (expresion -> DECIMAL .)
    MAS             reduce using rule 14 (expresion -> DECIMAL .)
    MENOS           reduce using rule 14 (expresion -> DECIMAL .)
    POR             reduce using rule 14 (expresion -> DECIMAL .)
    DIVIDIDO        reduce using rule 14 (expresion -> DECIMAL .)
    POTENCIA        reduce using rule 14 (expresion -> DECIMAL .)
    MODULO          reduce using rule 14 (expresion -> DECIMAL .)
    PARDER          reduce using rule 14 (expresion -> DECIMAL .)


state 12

    (15) expresion -> STRING .

    CORDER          reduce using rule 15 (expresion -> STRING .)
    MAS             reduce using rule 15 (expresion -> STRING .)
    MENOS           reduce using rule 15 (expresion -> STRING .)
    POR             reduce using rule 15 (expresion -> STRING .)
    DIVIDIDO        reduce using rule 15 (expresion -> STRING .)
    POTENCIA        reduce using rule 15 (expresion -> STRING .)
    MODULO          reduce using rule 15 (expresion -> STRING .)
    PARDER          reduce using rule 15 (expresion -> STRING .)


state 13

    (16) expresion -> CHAR .

    CORDER          reduce using rule 16 (expresion -> CHAR .)
    MAS             reduce using rule 16 (expresion -> CHAR .)
    MENOS           reduce using rule 16 (expresion -> CHAR .)
    POR             reduce using rule 16 (expresion -> CHAR .)
    DIVIDIDO        reduce using rule 16 (expresion -> CHAR .)
    POTENCIA        reduce using rule 16 (expresion -> CHAR .)
    MODULO          reduce using rule 16 (expresion -> CHAR .)
    PARDER          reduce using rule 16 (expresion -> CHAR .)


state 14

    (17) expresion -> TRUE .

    CORDER          reduce using rule 17 (expresion -> TRUE .)
    MAS             reduce using rule 17 (expresion -> TRUE .)
    MENOS           reduce using rule 17 (expresion -> TRUE .)
    POR             reduce using rule 17 (expresion -> TRUE .)
    DIVIDIDO        reduce using rule 17 (expresion -> TRUE .)
    POTENCIA        reduce using rule 17 (expresion -> TRUE .)
    MODULO          reduce using rule 17 (expresion -> TRUE .)
    PARDER          reduce using rule 17 (expresion -> TRUE .)


state 15

    (18) expresion -> FALSE .

    CORDER          reduce using rule 18 (expresion -> FALSE .)
    MAS             reduce using rule 18 (expresion -> FALSE .)
    MENOS           reduce using rule 18 (expresion -> FALSE .)
    POR             reduce using rule 18 (expresion -> FALSE .)
    DIVIDIDO        reduce using rule 18 (expresion -> FALSE .)
    POTENCIA        reduce using rule 18 (expresion -> FALSE .)
    MODULO          reduce using rule 18 (expresion -> FALSE .)
    PARDER          reduce using rule 18 (expresion -> FALSE .)


state 16

    (19) expresion -> NOTHING .

    CORDER          reduce using rule 19 (expresion -> NOTHING .)
    MAS             reduce using rule 19 (expresion -> NOTHING .)
    MENOS           reduce using rule 19 (expresion -> NOTHING .)
    POR             reduce using rule 19 (expresion -> NOTHING .)
    DIVIDIDO        reduce using rule 19 (expresion -> NOTHING .)
    POTENCIA        reduce using rule 19 (expresion -> NOTHING .)
    MODULO          reduce using rule 19 (expresion -> NOTHING .)
    PARDER          reduce using rule 19 (expresion -> NOTHING .)


state 17

    (20) expresion -> ID .

    CORDER          reduce using rule 20 (expresion -> ID .)
    MAS             reduce using rule 20 (expresion -> ID .)
    MENOS           reduce using rule 20 (expresion -> ID .)
    POR             reduce using rule 20 (expresion -> ID .)
    DIVIDIDO        reduce using rule 20 (expresion -> ID .)
    POTENCIA        reduce using rule 20 (expresion -> ID .)
    MODULO          reduce using rule 20 (expresion -> ID .)
    PARDER          reduce using rule 20 (expresion -> ID .)


state 18

    (4) instruccion -> REVALUAR CORIZQ expresion CORDER . PTCOMA

    PTCOMA          shift and go to state 27


state 19

    (5) expresion -> expresion MAS . expresion
    (5) expresion -> . expresion MAS expresion
    (6) expresion -> . expresion MENOS expresion
    (7) expresion -> . expresion POR expresion
    (8) expresion -> . expresion DIVIDIDO expresion
    (9) expresion -> . expresion POTENCIA expresion
    (10) expresion -> . expresion MODULO expresion
    (11) expresion -> . MENOS expresion
    (12) expresion -> . PARIZQ expresion PARDER
    (13) expresion -> . ENTERO
    (14) expresion -> . DECIMAL
    (15) expresion -> . STRING
    (16) expresion -> . CHAR
    (17) expresion -> . TRUE
    (18) expresion -> . FALSE
    (19) expresion -> . NOTHING
    (20) expresion -> . ID

    MENOS           shift and go to state 8
    PARIZQ          shift and go to state 9
    ENTERO          shift and go to state 10
    DECIMAL         shift and go to state 11
    STRING          shift and go to state 12
    CHAR            shift and go to state 13
    TRUE            shift and go to state 14
    FALSE           shift and go to state 15
    NOTHING         shift and go to state 16
    ID              shift and go to state 17

    expresion                      shift and go to state 28

state 20

    (6) expresion -> expresion MENOS . expresion
    (5) expresion -> . expresion MAS expresion
    (6) expresion -> . expresion MENOS expresion
    (7) expresion -> . expresion POR expresion
    (8) expresion -> . expresion DIVIDIDO expresion
    (9) expresion -> . expresion POTENCIA expresion
    (10) expresion -> . expresion MODULO expresion
    (11) expresion -> . MENOS expresion
    (12) expresion -> . PARIZQ expresion PARDER
    (13) expresion -> . ENTERO
    (14) expresion -> . DECIMAL
    (15) expresion -> . STRING
    (16) expresion -> . CHAR
    (17) expresion -> . TRUE
    (18) expresion -> . FALSE
    (19) expresion -> . NOTHING
    (20) expresion -> . ID

    MENOS           shift and go to state 8
    PARIZQ          shift and go to state 9
    ENTERO          shift and go to state 10
    DECIMAL         shift and go to state 11
    STRING          shift and go to state 12
    CHAR            shift and go to state 13
    TRUE            shift and go to state 14
    FALSE           shift and go to state 15
    NOTHING         shift and go to state 16
    ID              shift and go to state 17

    expresion                      shift and go to state 29

state 21

    (7) expresion -> expresion POR . expresion
    (5) expresion -> . expresion MAS expresion
    (6) expresion -> . expresion MENOS expresion
    (7) expresion -> . expresion POR expresion
    (8) expresion -> . expresion DIVIDIDO expresion
    (9) expresion -> . expresion POTENCIA expresion
    (10) expresion -> . expresion MODULO expresion
    (11) expresion -> . MENOS expresion
    (12) expresion -> . PARIZQ expresion PARDER
    (13) expresion -> . ENTERO
    (14) expresion -> . DECIMAL
    (15) expresion -> . STRING
    (16) expresion -> . CHAR
    (17) expresion -> . TRUE
    (18) expresion -> . FALSE
    (19) expresion -> . NOTHING
    (20) expresion -> . ID

    MENOS           shift and go to state 8
    PARIZQ          shift and go to state 9
    ENTERO          shift and go to state 10
    DECIMAL         shift and go to state 11
    STRING          shift and go to state 12
    CHAR            shift and go to state 13
    TRUE            shift and go to state 14
    FALSE           shift and go to state 15
    NOTHING         shift and go to state 16
    ID              shift and go to state 17

    expresion                      shift and go to state 30

state 22

    (8) expresion -> expresion DIVIDIDO . expresion
    (5) expresion -> . expresion MAS expresion
    (6) expresion -> . expresion MENOS expresion
    (7) expresion -> . expresion POR expresion
    (8) expresion -> . expresion DIVIDIDO expresion
    (9) expresion -> . expresion POTENCIA expresion
    (10) expresion -> . expresion MODULO expresion
    (11) expresion -> . MENOS expresion
    (12) expresion -> . PARIZQ expresion PARDER
    (13) expresion -> . ENTERO
    (14) expresion -> . DECIMAL
    (15) expresion -> . STRING
    (16) expresion -> . CHAR
    (17) expresion -> . TRUE
    (18) expresion -> . FALSE
    (19) expresion -> . NOTHING
    (20) expresion -> . ID

    MENOS           shift and go to state 8
    PARIZQ          shift and go to state 9
    ENTERO          shift and go to state 10
    DECIMAL         shift and go to state 11
    STRING          shift and go to state 12
    CHAR            shift and go to state 13
    TRUE            shift and go to state 14
    FALSE           shift and go to state 15
    NOTHING         shift and go to state 16
    ID              shift and go to state 17

    expresion                      shift and go to state 31

state 23

    (9) expresion -> expresion POTENCIA . expresion
    (5) expresion -> . expresion MAS expresion
    (6) expresion -> . expresion MENOS expresion
    (7) expresion -> . expresion POR expresion
    (8) expresion -> . expresion DIVIDIDO expresion
    (9) expresion -> . expresion POTENCIA expresion
    (10) expresion -> . expresion MODULO expresion
    (11) expresion -> . MENOS expresion
    (12) expresion -> . PARIZQ expresion PARDER
    (13) expresion -> . ENTERO
    (14) expresion -> . DECIMAL
    (15) expresion -> . STRING
    (16) expresion -> . CHAR
    (17) expresion -> . TRUE
    (18) expresion -> . FALSE
    (19) expresion -> . NOTHING
    (20) expresion -> . ID

    MENOS           shift and go to state 8
    PARIZQ          shift and go to state 9
    ENTERO          shift and go to state 10
    DECIMAL         shift and go to state 11
    STRING          shift and go to state 12
    CHAR            shift and go to state 13
    TRUE            shift and go to state 14
    FALSE           shift and go to state 15
    NOTHING         shift and go to state 16
    ID              shift and go to state 17

    expresion                      shift and go to state 32

state 24

    (10) expresion -> expresion MODULO . expresion
    (5) expresion -> . expresion MAS expresion
    (6) expresion -> . expresion MENOS expresion
    (7) expresion -> . expresion POR expresion
    (8) expresion -> . expresion DIVIDIDO expresion
    (9) expresion -> . expresion POTENCIA expresion
    (10) expresion -> . expresion MODULO expresion
    (11) expresion -> . MENOS expresion
    (12) expresion -> . PARIZQ expresion PARDER
    (13) expresion -> . ENTERO
    (14) expresion -> . DECIMAL
    (15) expresion -> . STRING
    (16) expresion -> . CHAR
    (17) expresion -> . TRUE
    (18) expresion -> . FALSE
    (19) expresion -> . NOTHING
    (20) expresion -> . ID

    MENOS           shift and go to state 8
    PARIZQ          shift and go to state 9
    ENTERO          shift and go to state 10
    DECIMAL         shift and go to state 11
    STRING          shift and go to state 12
    CHAR            shift and go to state 13
    TRUE            shift and go to state 14
    FALSE           shift and go to state 15
    NOTHING         shift and go to state 16
    ID              shift and go to state 17

    expresion                      shift and go to state 33

state 25

    (11) expresion -> MENOS expresion .
    (5) expresion -> expresion . MAS expresion
    (6) expresion -> expresion . MENOS expresion
    (7) expresion -> expresion . POR expresion
    (8) expresion -> expresion . DIVIDIDO expresion
    (9) expresion -> expresion . POTENCIA expresion
    (10) expresion -> expresion . MODULO expresion

    CORDER          reduce using rule 11 (expresion -> MENOS expresion .)
    MAS             reduce using rule 11 (expresion -> MENOS expresion .)
    MENOS           reduce using rule 11 (expresion -> MENOS expresion .)
    POR             reduce using rule 11 (expresion -> MENOS expresion .)
    DIVIDIDO        reduce using rule 11 (expresion -> MENOS expresion .)
    POTENCIA        reduce using rule 11 (expresion -> MENOS expresion .)
    MODULO          reduce using rule 11 (expresion -> MENOS expresion .)
    PARDER          reduce using rule 11 (expresion -> MENOS expresion .)

  ! MAS             [ shift and go to state 19 ]
  ! MENOS           [ shift and go to state 20 ]
  ! POR             [ shift and go to state 21 ]
  ! DIVIDIDO        [ shift and go to state 22 ]
  ! POTENCIA        [ shift and go to state 23 ]
  ! MODULO          [ shift and go to state 24 ]


state 26

    (12) expresion -> PARIZQ expresion . PARDER
    (5) expresion -> expresion . MAS expresion
    (6) expresion -> expresion . MENOS expresion
    (7) expresion -> expresion . POR expresion
    (8) expresion -> expresion . DIVIDIDO expresion
    (9) expresion -> expresion . POTENCIA expresion
    (10) expresion -> expresion . MODULO expresion

    PARDER          shift and go to state 34
    MAS             shift and go to state 19
    MENOS           shift and go to state 20
    POR             shift and go to state 21
    DIVIDIDO        shift and go to state 22
    POTENCIA        shift and go to state 23
    MODULO          shift and go to state 24


state 27

    (4) instruccion -> REVALUAR CORIZQ expresion CORDER PTCOMA .

    REVALUAR        reduce using rule 4 (instruccion -> REVALUAR CORIZQ expresion CORDER PTCOMA .)
    $end            reduce using rule 4 (instruccion -> REVALUAR CORIZQ expresion CORDER PTCOMA .)


state 28

    (5) expresion -> expresion MAS expresion .
    (5) expresion -> expresion . MAS expresion
    (6) expresion -> expresion . MENOS expresion
    (7) expresion -> expresion . POR expresion
    (8) expresion -> expresion . DIVIDIDO expresion
    (9) expresion -> expresion . POTENCIA expresion
    (10) expresion -> expresion . MODULO expresion

    CORDER          reduce using rule 5 (expresion -> expresion MAS expresion .)
    MAS             reduce using rule 5 (expresion -> expresion MAS expresion .)
    MENOS           reduce using rule 5 (expresion -> expresion MAS expresion .)
    PARDER          reduce using rule 5 (expresion -> expresion MAS expresion .)
    POR             shift and go to state 21
    DIVIDIDO        shift and go to state 22
    POTENCIA        shift and go to state 23
    MODULO          shift and go to state 24

  ! POR             [ reduce using rule 5 (expresion -> expresion MAS expresion .) ]
  ! DIVIDIDO        [ reduce using rule 5 (expresion -> expresion MAS expresion .) ]
  ! POTENCIA        [ reduce using rule 5 (expresion -> expresion MAS expresion .) ]
  ! MODULO          [ reduce using rule 5 (expresion -> expresion MAS expresion .) ]
  ! MAS             [ shift and go to state 19 ]
  ! MENOS           [ shift and go to state 20 ]


state 29

    (6) expresion -> expresion MENOS expresion .
    (5) expresion -> expresion . MAS expresion
    (6) expresion -> expresion . MENOS expresion
    (7) expresion -> expresion . POR expresion
    (8) expresion -> expresion . DIVIDIDO expresion
    (9) expresion -> expresion . POTENCIA expresion
    (10) expresion -> expresion . MODULO expresion

    CORDER          reduce using rule 6 (expresion -> expresion MENOS expresion .)
    MAS             reduce using rule 6 (expresion -> expresion MENOS expresion .)
    MENOS           reduce using rule 6 (expresion -> expresion MENOS expresion .)
    PARDER          reduce using rule 6 (expresion -> expresion MENOS expresion .)
    POR             shift and go to state 21
    DIVIDIDO        shift and go to state 22
    POTENCIA        shift and go to state 23
    MODULO          shift and go to state 24

  ! POR             [ reduce using rule 6 (expresion -> expresion MENOS expresion .) ]
  ! DIVIDIDO        [ reduce using rule 6 (expresion -> expresion MENOS expresion .) ]
  ! POTENCIA        [ reduce using rule 6 (expresion -> expresion MENOS expresion .) ]
  ! MODULO          [ reduce using rule 6 (expresion -> expresion MENOS expresion .) ]
  ! MAS             [ shift and go to state 19 ]
  ! MENOS           [ shift and go to state 20 ]


state 30

    (7) expresion -> expresion POR expresion .
    (5) expresion -> expresion . MAS expresion
    (6) expresion -> expresion . MENOS expresion
    (7) expresion -> expresion . POR expresion
    (8) expresion -> expresion . DIVIDIDO expresion
    (9) expresion -> expresion . POTENCIA expresion
    (10) expresion -> expresion . MODULO expresion

    CORDER          reduce using rule 7 (expresion -> expresion POR expresion .)
    MAS             reduce using rule 7 (expresion -> expresion POR expresion .)
    MENOS           reduce using rule 7 (expresion -> expresion POR expresion .)
    POR             reduce using rule 7 (expresion -> expresion POR expresion .)
    DIVIDIDO        reduce using rule 7 (expresion -> expresion POR expresion .)
    PARDER          reduce using rule 7 (expresion -> expresion POR expresion .)
    POTENCIA        shift and go to state 23
    MODULO          shift and go to state 24

  ! POTENCIA        [ reduce using rule 7 (expresion -> expresion POR expresion .) ]
  ! MODULO          [ reduce using rule 7 (expresion -> expresion POR expresion .) ]
  ! MAS             [ shift and go to state 19 ]
  ! MENOS           [ shift and go to state 20 ]
  ! POR             [ shift and go to state 21 ]
  ! DIVIDIDO        [ shift and go to state 22 ]


state 31

    (8) expresion -> expresion DIVIDIDO expresion .
    (5) expresion -> expresion . MAS expresion
    (6) expresion -> expresion . MENOS expresion
    (7) expresion -> expresion . POR expresion
    (8) expresion -> expresion . DIVIDIDO expresion
    (9) expresion -> expresion . POTENCIA expresion
    (10) expresion -> expresion . MODULO expresion

    CORDER          reduce using rule 8 (expresion -> expresion DIVIDIDO expresion .)
    MAS             reduce using rule 8 (expresion -> expresion DIVIDIDO expresion .)
    MENOS           reduce using rule 8 (expresion -> expresion DIVIDIDO expresion .)
    POR             reduce using rule 8 (expresion -> expresion DIVIDIDO expresion .)
    DIVIDIDO        reduce using rule 8 (expresion -> expresion DIVIDIDO expresion .)
    PARDER          reduce using rule 8 (expresion -> expresion DIVIDIDO expresion .)
    POTENCIA        shift and go to state 23
    MODULO          shift and go to state 24

  ! POTENCIA        [ reduce using rule 8 (expresion -> expresion DIVIDIDO expresion .) ]
  ! MODULO          [ reduce using rule 8 (expresion -> expresion DIVIDIDO expresion .) ]
  ! MAS             [ shift and go to state 19 ]
  ! MENOS           [ shift and go to state 20 ]
  ! POR             [ shift and go to state 21 ]
  ! DIVIDIDO        [ shift and go to state 22 ]


state 32

    (9) expresion -> expresion POTENCIA expresion .
    (5) expresion -> expresion . MAS expresion
    (6) expresion -> expresion . MENOS expresion
    (7) expresion -> expresion . POR expresion
    (8) expresion -> expresion . DIVIDIDO expresion
    (9) expresion -> expresion . POTENCIA expresion
    (10) expresion -> expresion . MODULO expresion

    CORDER          reduce using rule 9 (expresion -> expresion POTENCIA expresion .)
    MAS             reduce using rule 9 (expresion -> expresion POTENCIA expresion .)
    MENOS           reduce using rule 9 (expresion -> expresion POTENCIA expresion .)
    POR             reduce using rule 9 (expresion -> expresion POTENCIA expresion .)
    DIVIDIDO        reduce using rule 9 (expresion -> expresion POTENCIA expresion .)
    POTENCIA        reduce using rule 9 (expresion -> expresion POTENCIA expresion .)
    PARDER          reduce using rule 9 (expresion -> expresion POTENCIA expresion .)
    MODULO          shift and go to state 24

  ! MODULO          [ reduce using rule 9 (expresion -> expresion POTENCIA expresion .) ]
  ! MAS             [ shift and go to state 19 ]
  ! MENOS           [ shift and go to state 20 ]
  ! POR             [ shift and go to state 21 ]
  ! DIVIDIDO        [ shift and go to state 22 ]
  ! POTENCIA        [ shift and go to state 23 ]


state 33

    (10) expresion -> expresion MODULO expresion .
    (5) expresion -> expresion . MAS expresion
    (6) expresion -> expresion . MENOS expresion
    (7) expresion -> expresion . POR expresion
    (8) expresion -> expresion . DIVIDIDO expresion
    (9) expresion -> expresion . POTENCIA expresion
    (10) expresion -> expresion . MODULO expresion

    CORDER          reduce using rule 10 (expresion -> expresion MODULO expresion .)
    MAS             reduce using rule 10 (expresion -> expresion MODULO expresion .)
    MENOS           reduce using rule 10 (expresion -> expresion MODULO expresion .)
    POR             reduce using rule 10 (expresion -> expresion MODULO expresion .)
    DIVIDIDO        reduce using rule 10 (expresion -> expresion MODULO expresion .)
    POTENCIA        reduce using rule 10 (expresion -> expresion MODULO expresion .)
    MODULO          reduce using rule 10 (expresion -> expresion MODULO expresion .)
    PARDER          reduce using rule 10 (expresion -> expresion MODULO expresion .)

  ! MAS             [ shift and go to state 19 ]
  ! MENOS           [ shift and go to state 20 ]
  ! POR             [ shift and go to state 21 ]
  ! DIVIDIDO        [ shift and go to state 22 ]
  ! POTENCIA        [ shift and go to state 23 ]
  ! MODULO          [ shift and go to state 24 ]


state 34

    (12) expresion -> PARIZQ expresion PARDER .

    CORDER          reduce using rule 12 (expresion -> PARIZQ expresion PARDER .)
    MAS             reduce using rule 12 (expresion -> PARIZQ expresion PARDER .)
    MENOS           reduce using rule 12 (expresion -> PARIZQ expresion PARDER .)
    POR             reduce using rule 12 (expresion -> PARIZQ expresion PARDER .)
    DIVIDIDO        reduce using rule 12 (expresion -> PARIZQ expresion PARDER .)
    POTENCIA        reduce using rule 12 (expresion -> PARIZQ expresion PARDER .)
    MODULO          reduce using rule 12 (expresion -> PARIZQ expresion PARDER .)
    PARDER          reduce using rule 12 (expresion -> PARIZQ expresion PARDER .)

